<?xml version="1.0" encoding="UTF-8"?>
<!-- Generated by org.testng.reporters.JUnitReportReporter -->
<testsuite hostname="FarhanKhalid" failures="0" tests="2" name="test9.Class9" time="6.268" errors="0" timestamp="2022-12-05T22:58:48 EST" skipped="0">
  <testcase classname="test9.Class9" name="BrowserLaunch" time="3.735"/>
  <system-out/>
  <testcase classname="test9.Class9" name="CreateAccount" time="2.533"/>
  <system-out/>
</testsuite> <!-- test9.Class9 -->
